This is XeTeX, Version 3.141592653-2.6-0.999997 (TeX Live 2025) (preloaded format=xelatex 2025.5.25)  8 JUN 2026 01:06
entering extended mode
 restricted \write18 enabled.
 %&-line parsing enabled.
**main.tex
(./main.tex
LaTeX2e <2024-11-01> patch level 2
L3 programming layer <2025-04-29>
(./setup.tex (./vkr.cls
Document Class: vkr VKR class
(c:/Other/texlive/2025/texmf-dist/tex/latex/fontspec/fontspec.sty
(c:/Other/texlive/2025/texmf-dist/tex/latex/l3packages/xparse/xparse.sty
(c:/Other/texlive/2025/texmf-dist/tex/latex/l3kernel/expl3.sty
Package: expl3 2025-04-29 L3 programming layer (loader) 

(c:/Other/texlive/2025/texmf-dist/tex/latex/l3backend/l3backend-xetex.def
File: l3backend-xetex.def 2025-04-14 L3 backend support: XeTeX
\g__graphics_track_int=\count268
\g__pdfannot_backend_int=\count269
\g__pdfannot_backend_link_int=\count270
))
Package: xparse 2024-08-16 L3 Experimental document command parser
)
Package: fontspec 2024/05/11 v2.9e Font selection for XeLaTeX and LuaLaTeX

(c:/Other/texlive/2025/texmf-dist/tex/latex/fontspec/fontspec-xetex.sty
Package: fontspec-xetex 2024/05/11 v2.9e Font selection for XeLaTeX and LuaLaTe
X
\l__fontspec_script_int=\count271
\l__fontspec_language_int=\count272
\l__fontspec_strnum_int=\count273
\l__fontspec_tmp_int=\count274
\l__fontspec_tmpa_int=\count275
\l__fontspec_tmpb_int=\count276
\l__fontspec_tmpc_int=\count277
\l__fontspec_em_int=\count278
\l__fontspec_emdef_int=\count279
\l__fontspec_strong_int=\count280
\l__fontspec_strongdef_int=\count281
\l__fontspec_tmpa_dim=\dimen146
\l__fontspec_tmpb_dim=\dimen147
\l__fontspec_tmpc_dim=\dimen148

(c:/Other/texlive/2025/texmf-dist/tex/latex/base/fontenc.sty
Package: fontenc 2021/04/29 v2.0v Standard LaTeX package
)
(c:/Other/texlive/2025/texmf-dist/tex/latex/fontspec/fontspec.cfg)))

Package fontspec Info: 
(fontspec)             Font family 'TimesNewRoman(0)' created for font 'Times
(fontspec)             New Roman' with options [Ligatures=TeX].
(fontspec)              
(fontspec)              This font family consists of the following NFSS
(fontspec)             series/shapes:
(fontspec)              
(fontspec)             - 'normal' (m/n) with NFSS spec.: <->"Times New
(fontspec)             Roman/OT:script=latn;language=dflt;mapping=tex-text;"
(fontspec)             - 'small caps'  (m/sc) with NFSS spec.: <->"Times New
(fontspec)             Roman/OT:script=latn;language=dflt;+smcp;mapping=tex-tex
t;"
(fontspec)             - 'bold' (b/n) with NFSS spec.: <->"Times New
(fontspec)             Roman/B/OT:script=latn;language=dflt;mapping=tex-text;"
(fontspec)             - 'bold small caps'  (b/sc) with NFSS spec.: <->"Times
(fontspec)             New
(fontspec)             Roman/B/OT:script=latn;language=dflt;+smcp;mapping=tex-t
ext;"
(fontspec)             - 'italic' (m/it) with NFSS spec.: <->"Times New
(fontspec)             Roman/I/OT:script=latn;language=dflt;mapping=tex-text;"
(fontspec)             - 'italic small caps'  (m/scit) with NFSS spec.:
(fontspec)             <->"Times New
(fontspec)             Roman/I/OT:script=latn;language=dflt;+smcp;mapping=tex-t
ext;"
(fontspec)             - 'bold italic' (b/it) with NFSS spec.: <->"Times New
(fontspec)             Roman/BI/OT:script=latn;language=dflt;mapping=tex-text;"

(fontspec)             - 'bold italic small caps'  (b/scit) with NFSS spec.:
(fontspec)             <->"Times New
(fontspec)             Roman/BI/OT:script=latn;language=dflt;+smcp;mapping=tex-
text;"

\pagetop=\skip49
\pagebottom=\skip50
\pageleft=\skip51
\pageright=\skip52
\pwidth=\skip53
\pheight=\skip54
\saved@arstrutbox=\box53
\c@section=\count282
\c@subsection=\count283
\c@subsubsection=\count284
\c@paragraph=\count285
\c@figure=\count286
\c@figurecnt=\count287
\abovecaptionskip=\skip55
\belowcaptionskip=\skip56
\c@table=\count288
\c@tablecnt=\count289
\c@lastpage=\count290
\c@числоПлакатов=\count291
\c@bibcount=\count292
)
(c:/Other/texlive/2025/texmf-dist/tex/generic/babel/babel.sty
Package: babel 2025/05/14 v25.9 The multilingual framework for pdfLaTeX, LuaLaT
eX and XeLaTeX
\babel@savecnt=\count293
\U@D=\dimen149
\l@unhyphenated=\language90

(c:/Other/texlive/2025/texmf-dist/tex/generic/babel/xebabel.def)
\bbl@readstream=\read2
\bbl@dirlevel=\count294

(c:/Other/texlive/2025/texmf-dist/tex/generic/babel-english/english.ldf
Language: english 2017/06/06 v3.3r English support from the babel system

(c:/Other/texlive/2025/texmf-dist/tex/generic/babel/locale/en/babel-english.tex
Package babel Info: Importing font and identification data for english
(babel)             from babel-en.ini. Reported on input line 11.
)
Package babel Info: Hyphen rules for 'canadian' set to \l@english
(babel)             (\language0). Reported on input line 102.
Package babel Info: Hyphen rules for 'australian' set to \l@ukenglish
(babel)             (\language22). Reported on input line 105.
Package babel Info: Hyphen rules for 'newzealand' set to \l@ukenglish
(babel)             (\language22). Reported on input line 108.
) (c:/Other/texlive/2025/texmf-dist/tex/generic/babel-russian/russianb.ldf
File: russianb.ldf 2021/01/10 1.3m Russian support for the Babel system
Language: russian 2020/09/09 1.3k Russian support for the Babel system

(c:/Other/texlive/2025/texmf-dist/tex/generic/babel/locale/ru/babel-russian.tex
Package babel Info: Importing font and identification data for russian
(babel)             from babel-ru.ini. Reported on input line 11.
)
Package babel Info: Making " an active character on input line 124.
Package babel Info: Default for \cyrdash is provided on input line 163.
)) (c:/Other/texlive/2025/texmf-dist/tex/latex/graphics/graphicx.sty
Package: graphicx 2021/09/16 v1.2d Enhanced LaTeX Graphics (DPC,SPQR)

(c:/Other/texlive/2025/texmf-dist/tex/latex/graphics/keyval.sty
Package: keyval 2022/05/29 v1.15 key=value parser (DPC)
\KV@toks@=\toks17
)
(c:/Other/texlive/2025/texmf-dist/tex/latex/graphics/graphics.sty
Package: graphics 2024/08/06 v1.4g Standard LaTeX Graphics (DPC,SPQR)

(c:/Other/texlive/2025/texmf-dist/tex/latex/graphics/trig.sty
Package: trig 2023/12/02 v1.11 sin cos tan (DPC)
)
(c:/Other/texlive/2025/texmf-dist/tex/latex/graphics-cfg/graphics.cfg
File: graphics.cfg 2016/06/04 v1.11 sample graphics configuration
)
Package graphics Info: Driver file: xetex.def on input line 106.

(c:/Other/texlive/2025/texmf-dist/tex/latex/graphics-def/xetex.def
File: xetex.def 2022/09/22 v5.0n Graphics/color driver for xetex
))
\Gin@req@height=\dimen150
\Gin@req@width=\dimen151
)
(c:/Other/texlive/2025/texmf-dist/tex/latex/hyperref/hyperref.sty
Package: hyperref 2025-05-20 v7.01m Hypertext links for LaTeX

(c:/Other/texlive/2025/texmf-dist/tex/generic/iftex/iftex.sty
Package: iftex 2024/12/12 v1.0g TeX engine tests
)
(c:/Other/texlive/2025/texmf-dist/tex/latex/kvsetkeys/kvsetkeys.sty
Package: kvsetkeys 2022-10-05 v1.19 Key value parser (HO)
)
(c:/Other/texlive/2025/texmf-dist/tex/generic/kvdefinekeys/kvdefinekeys.sty
Package: kvdefinekeys 2019-12-19 v1.6 Define keys (HO)
)
(c:/Other/texlive/2025/texmf-dist/tex/generic/pdfescape/pdfescape.sty
Package: pdfescape 2019/12/09 v1.15 Implements pdfTeX's escape features (HO)

(c:/Other/texlive/2025/texmf-dist/tex/generic/ltxcmds/ltxcmds.sty
Package: ltxcmds 2023-12-04 v1.26 LaTeX kernel commands for general use (HO)
)
(c:/Other/texlive/2025/texmf-dist/tex/generic/pdftexcmds/pdftexcmds.sty
Package: pdftexcmds 2020-06-27 v0.33 Utility functions of pdfTeX for LuaTeX (HO
)

(c:/Other/texlive/2025/texmf-dist/tex/generic/infwarerr/infwarerr.sty
Package: infwarerr 2019/12/03 v1.5 Providing info/warning/error messages (HO)
)
Package pdftexcmds Info: \pdf@primitive is available.
Package pdftexcmds Info: \pdf@ifprimitive is available.
Package pdftexcmds Info: \pdfdraftmode not found.
))
(c:/Other/texlive/2025/texmf-dist/tex/latex/hycolor/hycolor.sty
Package: hycolor 2020-01-27 v1.10 Color options for hyperref/bookmark (HO)
)
(c:/Other/texlive/2025/texmf-dist/tex/latex/hyperref/nameref.sty
Package: nameref 2023-11-26 v2.56 Cross-referencing by name of section

(c:/Other/texlive/2025/texmf-dist/tex/latex/refcount/refcount.sty
Package: refcount 2019/12/15 v3.6 Data extraction from label references (HO)
)
(c:/Other/texlive/2025/texmf-dist/tex/generic/gettitlestring/gettitlestring.sty
Package: gettitlestring 2019/12/15 v1.6 Cleanup title references (HO)
(c:/Other/texlive/2025/texmf-dist/tex/latex/kvoptions/kvoptions.sty
Package: kvoptions 2022-06-15 v3.15 Key value format for package options (HO)
))
\c@section@level=\count295
)
(c:/Other/texlive/2025/texmf-dist/tex/latex/etoolbox/etoolbox.sty
Package: etoolbox 2025/02/11 v2.5l e-TeX tools for LaTeX (JAW)
\etb@tempcnta=\count296
)
(c:/Other/texlive/2025/texmf-dist/tex/generic/stringenc/stringenc.sty
Package: stringenc 2019/11/29 v1.12 Convert strings between diff. encodings (HO
)
)
\@linkdim=\dimen152
\Hy@linkcounter=\count297
\Hy@pagecounter=\count298

(c:/Other/texlive/2025/texmf-dist/tex/latex/hyperref/pd1enc.def
File: pd1enc.def 2025-05-20 v7.01m Hyperref: PDFDocEncoding definition (HO)
)
(c:/Other/texlive/2025/texmf-dist/tex/generic/intcalc/intcalc.sty
Package: intcalc 2019/12/15 v1.3 Expandable calculations with integers (HO)
)
\Hy@SavedSpaceFactor=\count299

(c:/Other/texlive/2025/texmf-dist/tex/latex/hyperref/puenc.def
File: puenc.def 2025-05-20 v7.01m Hyperref: PDF Unicode definition (HO)
)
Package hyperref Info: Option `unicode' set `true' on input line 3143.
Package hyperref Info: Hyper figures OFF on input line 4157.
Package hyperref Info: Link nesting OFF on input line 4162.
Package hyperref Info: Hyper index ON on input line 4165.
Package hyperref Info: Plain pages OFF on input line 4172.
Package hyperref Info: Backreferencing OFF on input line 4177.
Package hyperref Info: Implicit mode ON; LaTeX internals redefined.
Package hyperref Info: Bookmarks ON on input line 4424.
\c@Hy@tempcnt=\count300

(c:/Other/texlive/2025/texmf-dist/tex/latex/url/url.sty
\Urlmuskip=\muskip17
Package: url 2013/09/16  ver 3.4  Verb mode for urls, etc.
)
LaTeX Info: Redefining \url on input line 4763.
\XeTeXLinkMargin=\dimen153

(c:/Other/texlive/2025/texmf-dist/tex/generic/bitset/bitset.sty
Package: bitset 2019/12/09 v1.3 Handle bit-vector datatype (HO)

(c:/Other/texlive/2025/texmf-dist/tex/generic/bigintcalc/bigintcalc.sty
Package: bigintcalc 2019/12/15 v1.5 Expandable calculations on big integers (HO
)
))
\Fld@menulength=\count301
\Field@Width=\dimen154
\Fld@charsize=\dimen155
Package hyperref Info: Hyper figures OFF on input line 6042.
Package hyperref Info: Link nesting OFF on input line 6047.
Package hyperref Info: Hyper index ON on input line 6050.
Package hyperref Info: backreferencing OFF on input line 6057.
Package hyperref Info: Link coloring OFF on input line 6062.
Package hyperref Info: Link coloring with OCG OFF on input line 6067.
Package hyperref Info: PDF/A mode OFF on input line 6072.

(c:/Other/texlive/2025/texmf-dist/tex/latex/base/atbegshi-ltx.sty
Package: atbegshi-ltx 2021/01/10 v1.0c Emulation of the original atbegshi
package with kernel methods
)
\Hy@abspage=\count302
\c@Item=\count303
\c@Hfootnote=\count304
)
Package hyperref Info: Driver (autodetected): hxetex.

(c:/Other/texlive/2025/texmf-dist/tex/latex/hyperref/hxetex.def
File: hxetex.def 2025-05-20 v7.01m Hyperref driver for XeTeX
\pdfm@box=\box54
\c@Hy@AnnotLevel=\count305
\HyField@AnnotCount=\count306
\Fld@listcount=\count307
\c@bookmark@seq@number=\count308

(c:/Other/texlive/2025/texmf-dist/tex/latex/rerunfilecheck/rerunfilecheck.sty
Package: rerunfilecheck 2022-07-10 v1.10 Rerun checks for auxiliary files (HO)

(c:/Other/texlive/2025/texmf-dist/tex/latex/base/atveryend-ltx.sty
Package: atveryend-ltx 2020/08/19 v1.0a Emulation of the original atveryend pac
kage
with kernel methods
)
(c:/Other/texlive/2025/texmf-dist/tex/generic/uniquecounter/uniquecounter.sty
Package: uniquecounter 2019/12/15 v1.4 Provide unlimited unique counter (HO)
)
Package uniquecounter Info: New unique counter `rerunfilecheck' on input line 2
85.
)
\Hy@SectionHShift=\skip57
) (c:/Other/texlive/2025/texmf-dist/tex/latex/multirow/multirow.sty
Package: multirow 2024/11/12 v2.9 Span multiple rows of a table
\multirow@colwidth=\skip58
\multirow@cntb=\count309
\multirow@dima=\skip59
\bigstrutjot=\dimen156
)
(c:/Other/texlive/2025/texmf-dist/tex/latex/float/float.sty
Package: float 2001/11/08 v1.3d Float enhancements (AL)
\c@float@type=\count310
\float@exts=\toks18
\float@box=\box55
\@float@everytoks=\toks19
\@floatcapt=\box56
)
(c:/Other/texlive/2025/texmf-dist/tex/latex/pdflscape/pdflscape.sty
Package: pdflscape 2022-10-27 v0.13 Display of landscape pages in PDF

(c:/Other/texlive/2025/texmf-dist/tex/latex/pdflscape/pdflscape-nometadata.sty
Package: pdflscape-nometadata 2022-10-28 v0.13 Display of landscape pages in PD
F (HO)

(c:/Other/texlive/2025/texmf-dist/tex/latex/graphics/lscape.sty
Package: lscape 2020/05/28 v3.02 Landscape Pages (DPC)
)
Package pdflscape Info: Auto-detected driver: dvipdfm (xetex) on input line 98.

))
(./xltabular.sty
Package: xltabular 2020/11/04 v0.2e `xltabular' package (hv,RN)
 (c:/Other/texlive/2025/texmf-dist/tex/latex/tools/tabularx.sty
Package: tabularx 2023/12/11 v2.12a `tabularx' package (DPC)
(c:/Other/texlive/2025/texmf-dist/tex/latex/tools/array.sty
Package: array 2024/10/17 v2.6g Tabular extension package (FMi)
\col@sep=\dimen157
\ar@mcellbox=\box57
\extrarowheight=\dimen158
\NC@list=\toks20
\extratabsurround=\skip60
\backup@length=\skip61
\ar@cellbox=\box58
)
\TX@col@width=\dimen159
\TX@old@table=\dimen160
\TX@old@col=\dimen161
\TX@target=\dimen162
\TX@delta=\dimen163
\TX@cols=\count311
\TX@ftn=\toks21
)
(c:/Other/texlive/2025/texmf-dist/tex/latex/ltablex/ltablex.sty
Package: ltablex 2014/08/13 v1.1 Modified tabularx

(c:/Other/texlive/2025/texmf-dist/tex/latex/tools/longtable.sty
Package: longtable 2024-10-27 v4.22 Multi-page Table package (DPC)
\LTleft=\skip62
\LTright=\skip63
\LTpre=\skip64
\LTpost=\skip65
\LTchunksize=\count312
\LTcapwidth=\dimen164
\LT@head=\box59
\LT@firsthead=\box60
\LT@foot=\box61
\LT@lastfoot=\box62
\LT@gbox=\box63
\LT@cols=\count313
\LT@rows=\count314
\c@LT@tables=\count315
\c@LT@chunks=\count316
\LT@p@ftn=\toks22
)))
(c:/Other/texlive/2025/texmf-dist/tex/latex/makecell/makecell.sty
Package: makecell 2009/08/03 V0.1e Managing of Tab Column Heads and Cells
\rotheadsize=\dimen165
\c@nlinenum=\count317
\TeXr@lab=\toks23
)
(c:/Other/texlive/2025/texmf-dist/tex/latex/setspace/setspace.sty
Package: setspace 2022/12/04 v6.7b set line spacing
)

Package array Warning: Redefining primitive column r on input line 20.

(c:/Other/texlive/2025/texmf-dist/tex/latex/caption/caption.sty
Package: caption 2023/08/05 v3.6o Customizing captions (AR)

(c:/Other/texlive/2025/texmf-dist/tex/latex/caption/caption3.sty
Package: caption3 2023/07/31 v2.4d caption3 kernel (AR)
\caption@tempdima=\dimen166
\captionmargin=\dimen167
\caption@leftmargin=\dimen168
\caption@rightmargin=\dimen169
\caption@width=\dimen170
\caption@indent=\dimen171
\caption@parindent=\dimen172
\caption@hangindent=\dimen173
Package caption Info: Unknown document class (or package),
(caption)             standard defaults will be used.
Package caption Info: \@makecaption = \long macro:#1#2->\vskip \abovecaptionski
p \sbox \@tempboxa {#1 -- #2}\ifdim \wd \@tempboxa >\hsize #1 -- #2\par \else \
global \@minipagefalse \if \instring {Таб}{#1} \hb@xt@ \hsize {\box \@tempboxa 
\hfil }\else \hb@xt@ \hsize {\hfil \box \@tempboxa \hfil }\fi \fi \vskip \below
captionskip  on input line 1175.
)

Package caption Warning: Unknown document class (or package),
(caption)                standard defaults will be used.
See the caption package documentation for explanation.

\c@caption@flags=\count318
\c@continuedfloat=\count319
Package caption Info: float package is loaded.
Package caption Info: hyperref package is loaded.
Package caption Info: longtable package is loaded.
(c:/Other/texlive/2025/texmf-dist/tex/latex/caption/ltcaption.sty
Package: ltcaption 2021/01/08 v1.4c longtable captions (AR)
))
(c:/Other/texlive/2025/texmf-dist/tex/latex/enumitem/enumitem.sty
Package: enumitem 2025/02/06 v3.11 Customized lists
\labelindent=\skip66
\enit@outerparindent=\dimen174
\enit@toks=\toks24
\enit@inbox=\box64
\enit@count@id=\count320
\enitdp@description=\count321
)
(c:/Other/texlive/2025/texmf-dist/tex/latex/graphics/color.sty
Package: color 2024/06/23 v1.3e Standard LaTeX Color (DPC)

(c:/Other/texlive/2025/texmf-dist/tex/latex/graphics-cfg/color.cfg
File: color.cfg 2016/01/02 v1.6 sample color configuration
)
Package color Info: Driver file: xetex.def on input line 149.

(c:/Other/texlive/2025/texmf-dist/tex/latex/graphics/mathcolor.ltx))
(c:/Other/texlive/2025/texmf-dist/tex/latex/listings/listings.sty
\lst@mode=\count322
\lst@gtempboxa=\box65
\lst@token=\toks25
\lst@length=\count323
\lst@currlwidth=\dimen175
\lst@column=\count324
\lst@pos=\count325
\lst@lostspace=\dimen176
\lst@width=\dimen177
\lst@newlines=\count326
\lst@lineno=\count327
\lst@maxwidth=\dimen178

(c:/Other/texlive/2025/texmf-dist/tex/latex/listings/lstpatch.sty
File: lstpatch.sty 2024/09/23 1.10c (Carsten Heinz)
)
(c:/Other/texlive/2025/texmf-dist/tex/latex/listings/lstmisc.sty
File: lstmisc.sty 2024/09/23 1.10c (Carsten Heinz)
\c@lstnumber=\count328
\lst@skipnumbers=\count329
\lst@framebox=\box66
)
(c:/Other/texlive/2025/texmf-dist/tex/latex/listings/listings.cfg
File: listings.cfg 2024/09/23 1.10c listings configuration
))
Package: listings 2024/09/23 1.10c (Carsten Heinz)

Package fontspec Info: 
(fontspec)             Verdana scale = 0.7.


Package fontspec Info: 
(fontspec)             Verdana scale = 0.7.


Package fontspec Info: 
(fontspec)             Verdana scale = 0.7.


Package fontspec Info: 
(fontspec)             Verdana/B scale = 0.7.


Package fontspec Info: 
(fontspec)             Verdana/B scale = 0.7.


Package fontspec Info: 
(fontspec)             Verdana/I scale = 0.7.


Package fontspec Info: 
(fontspec)             Verdana/I scale = 0.7.


Package fontspec Info: 
(fontspec)             Verdana/BI scale = 0.7.


Package fontspec Info: 
(fontspec)             Verdana/BI scale = 0.7.


Package fontspec Info: 
(fontspec)             Font family 'Verdana(0)' created for font 'Verdana'
(fontspec)             with options
(fontspec)             [WordSpace={1,0,0},HyphenChar=None,PunctuationSpace=Word
Space,Scale=0.7].
(fontspec)              
(fontspec)              This font family consists of the following NFSS
(fontspec)             series/shapes:
(fontspec)              
(fontspec)             - 'normal' (m/n) with NFSS spec.:
(fontspec)             <->s*[0.7]"Verdana/OT:script=latn;language=dflt;"
(fontspec)             - 'small caps'  (m/sc) with NFSS spec.:
(fontspec)             <->s*[0.7]"Verdana/OT:script=latn;language=dflt;+smcp;"
(fontspec)             and font adjustment code:
(fontspec)             \fontdimen 2\font =1\fontdimen 2\font \fontdimen 3\font
(fontspec)             =0\fontdimen 3\font \fontdimen 4\font =0\fontdimen
(fontspec)             4\font \fontdimen 7\font =0\fontdimen 2\font
(fontspec)             \tex_hyphenchar:D \font =-1\scan_stop: 
(fontspec)             - 'bold' (b/n) with NFSS spec.:
(fontspec)             <->s*[0.7]"Verdana/B/OT:script=latn;language=dflt;"
(fontspec)             - 'bold small caps'  (b/sc) with NFSS spec.:
(fontspec)             <->s*[0.7]"Verdana/B/OT:script=latn;language=dflt;+smcp;
"
(fontspec)             and font adjustment code:
(fontspec)             \fontdimen 2\font =1\fontdimen 2\font \fontdimen 3\font
(fontspec)             =0\fontdimen 3\font \fontdimen 4\font =0\fontdimen
(fontspec)             4\font \fontdimen 7\font =0\fontdimen 2\font
(fontspec)             \tex_hyphenchar:D \font =-1\scan_stop: 
(fontspec)             - 'italic' (m/it) with NFSS spec.:
(fontspec)             <->s*[0.7]"Verdana/I/OT:script=latn;language=dflt;"
(fontspec)             - 'italic small caps'  (m/scit) with NFSS spec.:
(fontspec)             <->s*[0.7]"Verdana/I/OT:script=latn;language=dflt;+smcp;
"
(fontspec)             and font adjustment code:
(fontspec)             \fontdimen 2\font =1\fontdimen 2\font \fontdimen 3\font
(fontspec)             =0\fontdimen 3\font \fontdimen 4\font =0\fontdimen
(fontspec)             4\font \fontdimen 7\font =0\fontdimen 2\font
(fontspec)             \tex_hyphenchar:D \font =-1\scan_stop: 
(fontspec)             - 'bold italic' (b/it) with NFSS spec.:
(fontspec)             <->s*[0.7]"Verdana/BI/OT:script=latn;language=dflt;"
(fontspec)             - 'bold italic small caps'  (b/scit) with NFSS spec.:
(fontspec)             <->s*[0.7]"Verdana/BI/OT:script=latn;language=dflt;+smcp
;"
(fontspec)             and font adjustment code:
(fontspec)             \fontdimen 2\font =1\fontdimen 2\font \fontdimen 3\font
(fontspec)             =0\fontdimen 3\font \fontdimen 4\font =0\fontdimen
(fontspec)             4\font \fontdimen 7\font =0\fontdimen 2\font
(fontspec)             \tex_hyphenchar:D \font =-1\scan_stop: 


(c:/Other/texlive/2025/texmf-dist/tex/latex/listings/lstlang1.sty
File: lstlang1.sty 2024/09/23 1.10c listings language file
)
(c:/Other/texlive/2025/texmf-dist/tex/latex/listings/lstmisc.sty
File: lstmisc.sty 2024/09/23 1.10c (Carsten Heinz)
)) (./main.aux
Package babel Info: 'russian' activates 'russian' shorthands.
(babel)             Reported  on input line 8.


LaTeX Warning: Label `tab:places' multiply defined.


LaTeX Warning: Label `gost5' multiply defined.

)
\openout1 = `main.aux'.

LaTeX Font Info:    Checking defaults for OML/cmm/m/it on input line 31.
LaTeX Font Info:    ... okay on input line 31.
LaTeX Font Info:    Checking defaults for OMS/cmsy/m/n on input line 31.
LaTeX Font Info:    ... okay on input line 31.
LaTeX Font Info:    Checking defaults for OT1/cmr/m/n on input line 31.
LaTeX Font Info:    ... okay on input line 31.
LaTeX Font Info:    Checking defaults for T1/cmr/m/n on input line 31.
LaTeX Font Info:    ... okay on input line 31.
LaTeX Font Info:    Checking defaults for TS1/cmr/m/n on input line 31.
LaTeX Font Info:    ... okay on input line 31.
LaTeX Font Info:    Checking defaults for TU/lmr/m/n on input line 31.
LaTeX Font Info:    ... okay on input line 31.
LaTeX Font Info:    Checking defaults for OMX/cmex/m/n on input line 31.
LaTeX Font Info:    ... okay on input line 31.
LaTeX Font Info:    Checking defaults for U/cmr/m/n on input line 31.
LaTeX Font Info:    ... okay on input line 31.
LaTeX Font Info:    Checking defaults for PD1/pdf/m/n on input line 31.
LaTeX Font Info:    ... okay on input line 31.
LaTeX Font Info:    Checking defaults for PU/pdf/m/n on input line 31.
LaTeX Font Info:    ... okay on input line 31.

Package fontspec Info: 
(fontspec)             Adjusting the maths setup (use [no-math] to avoid
(fontspec)             this).

\symlegacymaths=\mathgroup4
LaTeX Font Info:    Overwriting symbol font `legacymaths' in version `bold'
(Font)                  OT1/cmr/m/n --> OT1/cmr/bx/n on input line 31.
LaTeX Font Info:    Redeclaring math accent \acute on input line 31.
LaTeX Font Info:    Redeclaring math accent \grave on input line 31.
LaTeX Font Info:    Redeclaring math accent \ddot on input line 31.
LaTeX Font Info:    Redeclaring math accent \tilde on input line 31.
LaTeX Font Info:    Redeclaring math accent \bar on input line 31.
LaTeX Font Info:    Redeclaring math accent \breve on input line 31.
LaTeX Font Info:    Redeclaring math accent \check on input line 31.
LaTeX Font Info:    Redeclaring math accent \hat on input line 31.
LaTeX Font Info:    Redeclaring math accent \dot on input line 31.
LaTeX Font Info:    Redeclaring math accent \mathring on input line 31.
LaTeX Font Info:    Redeclaring math symbol \colon on input line 31.
LaTeX Font Info:    Redeclaring math symbol \Gamma on input line 31.
LaTeX Font Info:    Redeclaring math symbol \Delta on input line 31.
LaTeX Font Info:    Redeclaring math symbol \Theta on input line 31.
LaTeX Font Info:    Redeclaring math symbol \Lambda on input line 31.
LaTeX Font Info:    Redeclaring math symbol \Xi on input line 31.
LaTeX Font Info:    Redeclaring math symbol \Pi on input line 31.
LaTeX Font Info:    Redeclaring math symbol \Sigma on input line 31.
LaTeX Font Info:    Redeclaring math symbol \Upsilon on input line 31.
LaTeX Font Info:    Redeclaring math symbol \Phi on input line 31.
LaTeX Font Info:    Redeclaring math symbol \Psi on input line 31.
LaTeX Font Info:    Redeclaring math symbol \Omega on input line 31.
LaTeX Font Info:    Redeclaring math symbol \mathdollar on input line 31.
LaTeX Font Info:    Redeclaring symbol font `operators' on input line 31.
LaTeX Font Info:    Encoding `OT1' has changed to `TU' for symbol font
(Font)              `operators' in the math version `normal' on input line 31.
LaTeX Font Info:    Overwriting symbol font `operators' in version `normal'
(Font)                  OT1/cmr/m/n --> TU/TimesNewRoman(0)/m/n on input line 3
1.
LaTeX Font Info:    Encoding `OT1' has changed to `TU' for symbol font
(Font)              `operators' in the math version `bold' on input line 31.
LaTeX Font Info:    Overwriting symbol font `operators' in version `bold'
(Font)                  OT1/cmr/bx/n --> TU/TimesNewRoman(0)/m/n on input line 
31.
LaTeX Font Info:    Overwriting symbol font `operators' in version `normal'
(Font)                  TU/TimesNewRoman(0)/m/n --> TU/TimesNewRoman(0)/m/n on 
input line 31.
LaTeX Font Info:    Overwriting math alphabet `\mathit' in version `normal'
(Font)                  OT1/cmr/m/it --> TU/TimesNewRoman(0)/m/it on input line
 31.
LaTeX Font Info:    Overwriting math alphabet `\mathbf' in version `normal'
(Font)                  OT1/cmr/bx/n --> TU/TimesNewRoman(0)/b/n on input line 
31.
LaTeX Font Info:    Overwriting math alphabet `\mathsf' in version `normal'
(Font)                  OT1/cmss/m/n --> TU/lmss/m/n on input line 31.
LaTeX Font Info:    Overwriting math alphabet `\mathtt' in version `normal'
(Font)                  OT1/cmtt/m/n --> TU/Verdana(0)/m/n on input line 31.
LaTeX Font Info:    Overwriting symbol font `operators' in version `bold'
(Font)                  TU/TimesNewRoman(0)/m/n --> TU/TimesNewRoman(0)/b/n on 
input line 31.
LaTeX Font Info:    Overwriting math alphabet `\mathit' in version `bold'
(Font)                  OT1/cmr/bx/it --> TU/TimesNewRoman(0)/b/it on input lin
e 31.
LaTeX Font Info:    Overwriting math alphabet `\mathsf' in version `bold'
(Font)                  OT1/cmss/bx/n --> TU/lmss/b/n on input line 31.
LaTeX Font Info:    Overwriting math alphabet `\mathtt' in version `bold'
(Font)                  OT1/cmtt/m/n --> TU/Verdana(0)/b/n on input line 31.
LaTeX Info: Redefining \th on input line 31.
Package hyperref Info: Link coloring OFF on input line 31.
 (./main.out) (./main.out)
\@outlinefile=\write3
\openout3 = `main.out'.

Package caption Info: Begin \AtBeginDocument code.
Package caption Info: listings package is loaded.
Package caption Info: End \AtBeginDocument code.
\c@lstlisting=\count330
LaTeX Font Info:    External font `cmex10' loaded for size
(Font)              <14.4> on input line 33.
LaTeX Font Info:    External font `cmex10' loaded for size
(Font)              <7> on input line 33.

Overfull \hbox (4.70218pt too wide) in paragraph at lines 33--33
[] 
 []


Overfull \hbox (4.70218pt too wide) in paragraph at lines 33--33
[]
 []


Underfull \hbox (badness 10000) in paragraph at lines 33--33

 []



[1] (./ЛистЗадания.tex

[2] (./main.lop)
\tf@lop=\write4
\openout4 = `main.lop'.


Overfull \hbox (4.70218pt too wide) in paragraph at lines 93--104
[][]
 []


Underfull \hbox (badness 10000) in paragraph at lines 93--104

 []

) (./Реферат.tex

[3]

[4]
\c=\count331
\last=\count332
\pnul=\count333
\c=\count334
\last=\count335
\pnul=\count336
\c=\count337
\last=\count338
\pnul=\count339
\c=\count340
\last=\count341
\pnul=\count342

Underfull \hbox (badness 2126) in paragraph at lines 15--16
[]\TU/TimesNewRoman(0)/m/n/14.4 база данных PostgreSQL, содержащая таблицы кате
горий, мест,
 []


Underfull \hbox (badness 1215) in paragraph at lines 16--17
[]\TU/TimesNewRoman(0)/m/n/14.4 административная панель для CRUD-операций над о
бъектами и
 []



[5]
\c=\count343
\last=\count344
\pnul=\count345
\c=\count346
\last=\count347
\pnul=\count348
\c=\count349
\last=\count350
\pnul=\count351
\c=\count352
\last=\count353
\pnul=\count354
)

[6] (./main.toc

[7]

[8]

[9])
\tf@toc=\write5
\openout5 = `main.toc'.

 (./main.lpc)
\tf@lpc=\write6
\openout6 = `main.lpc'.

 (./Обозначения.tex
Underfull \hbox (badness 1715) in paragraph at lines 1--1
\TU/TimesNewRoman(0)/m/n/14.4 Диаграмма прецедентов (Графический материал / Диа
грамма прецеден-
 []


Underfull \hbox (badness 10000) in paragraph at lines 1--1

 []



[10]) (./Резюме.tex

[11]
Underfull \hbox (badness 10000) in paragraph at lines 5--6
[]\TU/TimesNewRoman(0)/m/n/14.4 Курская область обладает значительным природным
, историко-
 []


Underfull \hbox (badness 1975) in paragraph at lines 5--6
\TU/TimesNewRoman(0)/m/n/14.4 стоящее время туристские ресурсы региона представ
лены разрозненно,
 []


Underfull \hbox (badness 1484) in paragraph at lines 5--6
\TU/TimesNewRoman(0)/m/n/14.4 частую носит неполный или устаревший характер. От
сутствие единого
 []



[12]

[13]

[14]
Underfull \hbox (badness 3138) in paragraph at lines 86--87
[]\TU/TimesNewRoman(0)/m/n/14.4 возможность оперативного обновления информации 
субъектами
 []



[15]

[16]

[17]

[18]

[19]) (./Введение.tex

[20]

[21]
\c=\count355
\last=\count356
\pnul=\count357
) (./Анализ.tex

[22]

[23]
Underfull \hbox (badness 10000) in paragraph at lines 31--31
[]\TU/TimesNewRoman(0)/b/n/14.4 1.3 Проблематика традиционного подхода к предст
авлению
 []


Underfull \hbox (badness 2277) in paragraph at lines 35--36
[]\TU/TimesNewRoman(0)/b/n/14.4 Разрозненность данных. \TU/TimesNewRoman(0)/m/n
/14.4 Одни и те же объекты описываются в
 []



[24]

[25]

[26]

[27]

[28]

[29]

[30]

[31]
Underfull \hbox (badness 10000) in paragraph at lines 118--119
[]\TU/TimesNewRoman(0)/b/n/14.4 Платформа «Я — курянин» \TU/TimesNewRoman(0)/m/
n/14.4 — это уникальный культурно-
 []


Underfull \hbox (badness 1303) in paragraph at lines 118--119
\TU/TimesNewRoman(0)/m/n/14.4 просветительский проект с сильным туристическим у
клоном. По своей
 []


Underfull \hbox (badness 1286) in paragraph at lines 118--119
\TU/TimesNewRoman(0)/m/n/14.4 в историю и культуру региона через исследование и
 обучение. Это не
 []


Underfull \hbox (badness 1038) in paragraph at lines 118--119
\TU/TimesNewRoman(0)/m/n/14.4 образования. Платформа служит виртуальной средой,
 созданной педаго-
 []


Underfull \hbox (badness 1221) in paragraph at lines 118--119
\TU/TimesNewRoman(0)/m/n/14.4 собой интерактивную карту-конструктор. Вы отмечае
те интересные вам
 []



[32]) (./ТехЗадание.tex

[33]
Underfull \hbox (badness 1043) in paragraph at lines 7--8
[]\TU/TimesNewRoman(0)/m/n/14.4 Целью разработки является создание программно-и
нформационной
 []


Underfull \hbox (badness 2469) in paragraph at lines 14--16
[]\TU/TimesNewRoman(0)/b/n/14.4 Управление объектами городской инфраструктуры. 
\TU/TimesNewRoman(0)/m/n/14.4 Система
 []



[34]
Underfull \hbox (badness 4366) in paragraph at lines 32--34
[]\TU/TimesNewRoman(0)/b/n/14.4 Доступ к административным функциям. \TU/TimesNe
wRoman(0)/m/n/14.4 Административные
 []


Underfull \hbox (badness 10000) in paragraph at lines 37--41
[]\TU/TimesNewRoman(0)/m/n/14.4 Интерфейс информационной системы представляет с
обой веб-
 []


Underfull \hbox (badness 3078) in paragraph at lines 37--41
\TU/TimesNewRoman(0)/m/n/14.4 приложение с единым минималистичным стилем оформл
ения, обеспе-
 []


Underfull \hbox (badness 1337) in paragraph at lines 37--41
\TU/TimesNewRoman(0)/m/n/14.4 чивающее интуитивно понятную навигацию для двух г
рупп сценариев:
 []


Underfull \hbox (badness 1057) in paragraph at lines 37--41
\TU/TimesNewRoman(0)/m/n/14.4 пользовательских (просмотр контента) и администра
тивных (управление
 []


Underfull \hbox (badness 1348) in paragraph at lines 44--45
[]\TU/TimesNewRoman(0)/m/n/14.4 главную страницу с информационными блоками, инт
ерактивной
 []



[35]
Underfull \hbox (badness 1571) in paragraph at lines 51--52
[]\TU/TimesNewRoman(0)/m/n/14.4 На рисунке []2.1[] представлен внешний вид глав
ной страницы веб-
 []

File: images/ui-main.png Graphic file (type bmp)
<images/ui-main.png>
File: images/ui-modal-object.png Graphic file (type bmp)
<images/ui-modal-object.png>


[36]
File: images/ui-modal-object.png Graphic file (type bmp)
<images/ui-modal-object.png>


[37]

[38]
File: images/usecase-user.png Graphic file (type bmp)
<images/usecase-user.png>
File: images/usecase-admin.png Graphic file (type bmp)
<images/usecase-admin.png>


[39]

[40]
Underfull \hbox (badness 4013) in paragraph at lines 156--157
[]\TU/TimesNewRoman(0)/b/n/14.4 Предусловие: \TU/TimesNewRoman(0)/m/n/14.4 спис
ок мест загружен, доступны кнопки/элементы
 []



[41]

[42]

[43]

[44]

[45]
Underfull \hbox (badness 2635) in paragraph at lines 382--382
[]\TU/TimesNewRoman(0)/b/n/14.4 2.5.15 Вариант использования «Выбор координат о
бъекта на
 []



[46]

[47]
Underfull \hbox (badness 10000) in paragraph at lines 468--468
[]\TU/TimesNewRoman(0)/b/n/14.4 2.5.20 Вариант использования «Управление публик
ацией
 []



[48]
LaTeX Font Info:    Font shape `TU/Verdana(0)/m/n' will be
(Font)              scaled to size 10.07994pt on input line 514.

Underfull \hbox (badness 10000) in paragraph at lines 513--516
[]\TU/TimesNewRoman(0)/b/n/14.4 Разграничение доступа к админ-разделу. \TU/Time
sNewRoman(0)/m/n/14.4 Доступ к странице
 []



[49]
Underfull \hbox (badness 10000) in paragraph at lines 544--547
[]\TU/TimesNewRoman(0)/b/n/14.4 Совместимость данных. \TU/TimesNewRoman(0)/m/n/
14.4 Приложение должно работать с БД
 []

) (./ТехПроект.tex

[50]
Underfull \hbox (badness 1112) in paragraph at lines 4--9
\TU/TimesNewRoman(0)/m/n/14.4 зована по архитектуре «клиент–сервер». Клиентская
 часть представлена
 []

File: images/arch-overall.png Graphic file (type bmp)
<images/arch-overall.png>


[51]
Underfull \hbox (badness 1112) in paragraph at lines 49--50
[]\TU/TimesNewRoman(0)/m/n/14.4 Однопоточная event-loop модель чувствительна к 
блокирующим
 []



[52]

[53]

[54]
Underfull \hbox (badness 5652) in paragraph at lines 146--147
[]\TU/TimesNewRoman(0)/m/n/14.4 Модуль \TU/Verdana(0)/m/n/14.4 api_places.js \T
U/TimesNewRoman(0)/m/n/14.4 инкапсулирует HTTP-вызовы к серверным
 []

File: images/arch-client.png Graphic file (type bmp)
<images/arch-client.png>


[55]

[56]
File: images/arch-server.png Graphic file (type bmp)
<images/arch-server.png>

Underfull \hbox (badness 10000) in paragraph at lines 224--224
\TU/TimesNewRoman(0)/m/n/14.4 категории; при ошибке
 []


Underfull \hbox (badness 10000) in paragraph at lines 224--224
\TU/TimesNewRoman(0)/m/n/14.4 возвращается JSON с
 []


Underfull \hbox (badness 10000) in paragraph at lines 224--224
[]|\TU/TimesNewRoman(0)/m/n/14.4 JSON-массив опублико-
 []


Underfull \hbox (badness 2073) in paragraph at lines 224--224
\TU/TimesNewRoman(0)/m/n/14.4 места; при ошибке воз-
 []


Underfull \hbox (badness 10000) in paragraph at lines 224--224
[]|\TU/TimesNewRoman(0)/m/n/14.4 Удаление места; при
 []


Underfull \hbox (badness 10000) in paragraph at lines 224--224
\TU/TimesNewRoman(0)/m/n/14.4 успехе возвращается
 []


Underfull \hbox (badness 10000) in paragraph at lines 224--224
[]|\TU/TimesNewRoman(0)/m/n/14.4 JSON-массив опубли-
 []


Underfull \hbox (badness 10000) in paragraph at lines 224--224
\TU/TimesNewRoman(0)/m/n/14.4 кованных маршрутов
 []


Underfull \hbox (badness 6016) in paragraph at lines 224--224
\TU/TimesNewRoman(0)/m/n/14.4 с точками или полный
 []


Underfull \hbox (badness 10000) in paragraph at lines 224--224
\TU/TimesNewRoman(0)/m/n/14.4 ошибке возвращается
 []

[57]

[58]

[59]

[60]

[61]
Underfull \hbox (badness 1152) in paragraph at lines 380--385
[]\TU/TimesNewRoman(0)/m/n/14.4 Помимо перечисленных ошибок валидации, сервер м
ожет вернуть
 []



[62]
Underfull \hbox (badness 2368) in paragraph at lines 391--396
\TU/TimesNewRoman(0)/m/n/14.4 ликованные записи (\TU/Verdana(0)/m/n/14.4 visibl
e = true\TU/TimesNewRoman(0)/m/n/14.4 ), что реализует безопасность представ-
 []


Underfull \hbox (badness 2460) in paragraph at lines 391--396
\TU/TimesNewRoman(0)/m/n/14.4 ления контента: черновые или временно скрытые объ
екты не попада-
 []


Underfull \hbox (badness 1735) in paragraph at lines 391--396
\TU/TimesNewRoman(0)/m/n/14.4 ют в публичный интерфейс. Административный режим 
использует \TU/Verdana(0)/m/n/14.4 GET
 []



[63]
Underfull \hbox (badness 5345) in paragraph at lines 436--440
\TU/Verdana(0)/m/n/14.4 places\TU/TimesNewRoman(0)/m/n/14.4 , \TU/Verdana(0)/m/
n/14.4 routes\TU/TimesNewRoman(0)/m/n/14.4 , \TU/Verdana(0)/m/n/14.4 route_poin
ts\TU/TimesNewRoman(0)/m/n/14.4 . Для маршрутов реализована связь «один-ко-
 []

File: images/arch-db.png Graphic file (type bmp)
<images/arch-db.png>


[64]
File: images/db-er.png Graphic file (type bmp)
<images/db-er.png>


[65]

[66]
Underfull \hbox (badness 1552) in paragraph at lines 504--508
[]\TU/TimesNewRoman(0)/m/n/14.4 Для маршрутов используется составной первичный 
ключ \TU/Verdana(0)/m/n/14.4 (route_id,
 []


Underfull \hbox (badness 10000) in paragraph at lines 543--543
[]|\TU/TimesNewRoman(0)/m/n/14.4 yyyy-mm-dd
 []

[67]
Underfull \hbox (badness 10000) in paragraph at lines 558--558
[]|\TU/TimesNewRoman(0)/m/n/14.4 yyyy-mm-dd
 []



[68]
Underfull \hbox (badness 4872) in paragraph at lines 607--610
[]\TU/TimesNewRoman(0)/m/n/14.4 Сценарий сохранения маршрута реализован в явной
 транзакции
 []


Underfull \hbox (badness 1270) in paragraph at lines 612--615
\TU/TimesNewRoman(0)/m/n/14.4 уменьшает количество round-trip между сервером и 
клиентом и снижа-
 []



[69]

[70]

[71]) (./РабочийПроект.tex

[72]
Underfull \hbox (badness 2197) in paragraph at lines 37--37
\TU/TimesNewRoman(0)/m/n/14.4 та места (обязательные поля,
 []


Underfull \hbox (badness 10000) in paragraph at lines 37--37
[]|\TU/TimesNewRoman(0)/m/n/14.4 Сохраняет (создаёт или об-
 []


Underfull \hbox (badness 10000) in paragraph at lines 37--37
\TU/TimesNewRoman(0)/m/n/14.4 новляет) место через POST
 []


Underfull \hbox (badness 2181) in paragraph at lines 37--37
[]|\TU/TimesNewRoman(0)/m/n/14.4 Возвращает список категорий
 []


Underfull \hbox (badness 10000) in paragraph at lines 37--37
[]|\TU/TimesNewRoman(0)/m/n/14.4 Загружает все маршруты
 []


Underfull \hbox (badness 10000) in paragraph at lines 37--37
[]|\TU/TimesNewRoman(0)/m/n/14.4 Удаляет маршрут через
 []

[73]
Underfull \hbox (badness 10000) in paragraph at lines 61--61
[]|\TU/TimesNewRoman(0)/m/n/14.4 Выполняет асинхронную за-
 []


Underfull \hbox (badness 10000) in paragraph at lines 61--61
\TU/TimesNewRoman(0)/m/n/14.4 грузку мест, создаёт карту,
 []


Underfull \hbox (badness 2608) in paragraph at lines 61--61
[]|\TU/TimesNewRoman(0)/m/n/14.4 Открывает модальное окно с
 []



[74]
Underfull \hbox (badness 2521) in paragraph at lines 89--89
[]|\TU/TimesNewRoman(0)/m/n/14.4 Считывает данные из формы
 []


Underfull \hbox (badness 10000) in paragraph at lines 89--89
[]|\TU/TimesNewRoman(0)/m/n/14.4 Обработчик сохранения
 []


Underfull \hbox (badness 10000) in paragraph at lines 89--89
\TU/TimesNewRoman(0)/m/n/14.4 объекта (валидация, вызов
 []


Underfull \hbox (badness 3724) in paragraph at lines 89--89
\TU/TimesNewRoman(0)/m/n/14.4 ки добавления новой катего-
 []


Underfull \hbox (badness 2384) in paragraph at lines 89--89
[]|\TU/TimesNewRoman(0)/m/n/14.4 Отображает таблицу маршру-
 []


Underfull \hbox (badness 10000) in paragraph at lines 89--89
[]|\TU/TimesNewRoman(0)/m/n/14.4 Отрисовывает список точек
 []


Underfull \hbox (badness 3612) in paragraph at lines 89--89
\TU/TimesNewRoman(0)/m/n/14.4 бора координат в модальном
 []


Underfull \hbox (badness 10000) in paragraph at lines 89--89
[]|\TU/Verdana(0)/m/n/14.4 showCoordsModal()\TU/TimesNewRoman(0)/m/n/14.4 ,
 []


Underfull \hbox (badness 10000) in paragraph at lines 89--89
[]|\TU/TimesNewRoman(0)/m/n/14.4 Открывает/закрывает модаль-
 []

[75]

[76]
Underfull \hbox (badness 2608) in paragraph at lines 111--111
[]|\TU/TimesNewRoman(0)/m/n/14.4 Открывает модальное окно с
 []


Underfull \hbox (badness 2564) in paragraph at lines 111--111
[]|\TU/TimesNewRoman(0)/m/n/14.4 Строит пешеходный маршрут
 []


Underfull \hbox (badness 7504) in paragraph at lines 111--111
\TU/TimesNewRoman(0)/m/n/14.4 по координатам точек через
 []


Underfull \hbox (badness 10000) in paragraph at lines 111--111
[]|\TU/TimesNewRoman(0)/m/n/14.4 Уничтожает предыдущий
 []


Underfull \hbox (badness 10000) in paragraph at lines 134--134
[]|\TU/Verdana(0)/m/n/14.4 renderCategoryFilters(places,
 []


Underfull \hbox (badness 2608) in paragraph at lines 134--134
[]|\TU/TimesNewRoman(0)/m/n/14.4 Открывает модальное окно с
 []


Underfull \hbox (badness 10000) in paragraph at lines 134--134
[]|\TU/TimesNewRoman(0)/m/n/14.4 Инициализирует страницу:
 []


Underfull \hbox (badness 10000) in paragraph at lines 134--134
\TU/TimesNewRoman(0)/m/n/14.4 загружает места, применяет
 []


Underfull \hbox (badness 10000) in paragraph at lines 134--134
\TU/TimesNewRoman(0)/m/n/14.4 фильтры из URL, назначает
 []

[77]
Underfull \hbox (badness 2608) in paragraph at lines 156--156
[]|\TU/TimesNewRoman(0)/m/n/14.4 Открывает модальное окно с
 []


Underfull \hbox (badness 2608) in paragraph at lines 156--156
[]|\TU/TimesNewRoman(0)/m/n/14.4 Открывает модальное окно с
 []


Underfull \hbox (badness 4995) in paragraph at lines 156--156
[]|\TU/TimesNewRoman(0)/m/n/14.4 Закрывает указанное модаль-
 []

[78]
Underfull \hbox (badness 10000) in paragraph at lines 177--177
[]|\TU/TimesNewRoman(0)/m/n/14.4 Устанавливает атрибут
 []


Underfull \hbox (badness 7685) in paragraph at lines 177--177
\TU/Verdana(0)/m/n/14.4 data-theme \TU/TimesNewRoman(0)/m/n/14.4 на body и сохр
а-
 []


Underfull \hbox (badness 1418) in paragraph at lines 177--177
[]|\TU/TimesNewRoman(0)/m/n/14.4 Восстанавливает сохранённую
 []


Underfull \hbox (badness 10000) in paragraph at lines 177--177
\TU/TimesNewRoman(0)/m/n/14.4 тему, назначает обработчик
 []


Underfull \hbox (badness 10000) in paragraph at lines 198--198
[]|\TU/TimesNewRoman(0)/m/n/14.4 Настраивает
 []


Underfull \hbox (badness 10000) in paragraph at lines 198--198
\TU/TimesNewRoman(0)/m/n/14.4 IntersectionObserver для эле-
 []


Underfull \hbox (badness 2245) in paragraph at lines 198--198
[]|\TU/TimesNewRoman(0)/m/n/14.4 Добавляет эффект параллакса
 []


Underfull \hbox (badness 1577) in paragraph at lines 198--198
\TU/TimesNewRoman(0)/m/n/14.4 фии мест и отображает их в
 []



[79]
Underfull \hbox (badness 10000) in paragraph at lines 224--224
[]|\TU/TimesNewRoman(0)/m/n/14.4 Возвращает JSON-список
 []


Underfull \hbox (badness 2426) in paragraph at lines 224--224
[]|\TU/TimesNewRoman(0)/m/n/14.4 Возвращает места (с пара-
 []


Underfull \hbox (badness 10000) in paragraph at lines 224--224
[]|\TU/TimesNewRoman(0)/m/n/14.4 Транзакционно сохраняет
 []

[80] [81]
File: images/ts-01.png Graphic file (type bmp)
<images/ts-01.png>


[82]
File: images/ts-02.png Graphic file (type bmp)
<images/ts-02.png>


[83]
File: images/ts-03.png Graphic file (type bmp)
<images/ts-03.png>


[84]
File: images/ts-04.png Graphic file (type bmp)
<images/ts-04.png>


[85]
File: images/ts-05.png Graphic file (type bmp)
<images/ts-05.png>


[86]
File: images/ts-06.png Graphic file (type bmp)
<images/ts-06.png>


[87]
File: images/ts-07.png Graphic file (type bmp)
<images/ts-07.png>


[88]
File: images/ts-08.png Graphic file (type bmp)
<images/ts-08.png>


[89]
File: images/ts-09.png Graphic file (type bmp)
<images/ts-09.png>


[90]
Underfull \hbox (badness 10000) in paragraph at lines 491--491
[]\TU/TimesNewRoman(0)/b/n/14.4 4.2.11 TC-10. Просмотр маршрута на карте (пешех
одная
 []

File: images/ts-10.png Graphic file (type bmp)
<images/ts-10.png>


[91]
File: images/ts-11.png Graphic file (type bmp)
<images/ts-11.png>


[92]
Underfull \hbox (badness 2189) in paragraph at lines 543--544
[]\TU/TimesNewRoman(0)/b/n/14.4 Предусловие: \TU/TimesNewRoman(0)/m/n/14.4 откр
ыта форма добавления/редактирования места в
 []

File: images/ts-14.png Graphic file (type bmp)
<images/ts-14.png>


[93]
Underfull \hbox (badness 2865) in paragraph at lines 574--575
[]\TU/TimesNewRoman(0)/m/n/14.4 Совместимость с браузерами: тестирование в Chro
me, Firefox,
 []

) (./Заключение.tex

[94]
Underfull \hbox (badness 10000) in paragraph at lines 3--4
[]\TU/TimesNewRoman(0)/m/n/14.4 В процессе выполнения работы была создана прогр
аммно-
 []


Underfull \hbox (badness 1910) in paragraph at lines 3--4
\TU/TimesNewRoman(0)/m/n/14.4 информационная система «Цифровая платформа Курски
й край» — ин-
 []


Underfull \hbox (badness 4096) in paragraph at lines 11--12
[]\TU/TimesNewRoman(0)/m/n/14.4 Разработана концептуальная модель веб-сайта. По
строена ER-
 []

) (./СписокИсточников.tex

[95]

[96]

[97]

[98]
Underfull \hbox (badness 1655) in paragraph at lines 51--52
[]\TU/TimesNewRoman(0)/m/n/14.4 Шор, А. М. Сравнительный анализ подходов в разр
аботке API
 []


Underfull \hbox (badness 10000) in paragraph at lines 51--52
[] [] [][][][][][][][][][][][] [] [][] [] [][][][][][][] [] [] [] [][][][][][][
][][][][][][][][][][][][][][][][][][][][][][][][][][][][][][][][][][][][][][][]
[][][][][][][][][][][][][][][][][][][][][][]$[]
 []



[99]

[100]
Underfull \hbox (badness 2150) in paragraph at lines 110--111
[]\TU/TimesNewRoman(0)/m/n/14.4 Git Documentation. — URL: []$[][][][][] [] [] [
] [][][][][][][][] [] [][][][]$[] (дата обращения:
 []

) (./Плакаты.tex

[101]

[102]
File: images/main.eps Graphic file (type eps)
<images/main.eps>
File: images/goal.eps Graphic file (type eps)
<images/goal.eps>


[103

]
File: images/komponenti.eps Graphic file (type eps)
<images/komponenti.eps>


[104]
File: images/ispolzovanie.eps Graphic file (type eps)
<images/ispolzovanie.eps>


[105]
File: images/routes.eps Graphic file (type eps)
<images/routes.eps>


[106]
File: images/object.eps Graphic file (type eps)
<images/object.eps>


[107]
File: images/conclusion.eps Graphic file (type eps)
<images/conclusion.eps>


[108]

[109]) (./Код.tex
Package hyperref Info: bookmark level for unknown lstlisting defaults to 0 on i
nput line 4.
 (./app.js

[110

]

[111]

[112]

[113]) (./admin-page.js

[114]

[115]

[116]
Missing character: There is no ↑ (U+2191) in font Verdana/OT:script=latn;langua
ge=dflt;!
Missing character: There is no ↓ (U+2193) in font Verdana/OT:script=latn;langua
ge=dflt;!
Missing character: There is no ✕ (U+2715) in font Verdana/OT:script=latn;langua
ge=dflt;!


[117]

[118]

[119]

[120]

[121])

[122]
Overfull \hbox (4.70218pt too wide) in paragraph at lines 12--27
[] 
 []

)

[123] (./main.aux)
 ***********
LaTeX2e <2024-11-01> patch level 2
L3 programming layer <2025-04-29>
 ***********


LaTeX Warning: There were multiply-defined labels.

Package rerunfilecheck Info: File `main.out' has not changed.
(rerunfilecheck)             Checksum: C8B1DB0445EA3AE863422F457510FD38;37283.
 ) 
Here is how much of TeX's memory you used:
 16945 strings out of 470230
 326266 string characters out of 5484903
 1216559 words of memory out of 5000000
 43316 multiletter control sequences out of 15000+600000
 628354 words of font info for 76 fonts, out of 8000000 for 9000
 1348 hyphenation exceptions out of 8191
 93i,11n,110p,1625b,2153s stack positions out of 10000i,1000n,20000p,200000b,200000s

Output written on main.pdf (123 pages).
